<?xml version="1.0" encoding="UTF-8"?>
<testsuites>
  <testsuite errors="1" failures="0" tests="1" skipped="0" name="C:.Users.Ahmed belhaj.Desktop.Flutter_intro_2.test.home" timestamp="2022-04-19T22:26:34">
    <properties>
      <property name="platform" value="vm"/>
    </properties>
    <testcase classname="C:.Users.Ahmed belhaj.Desktop.Flutter_intro_2.test.home" name="loading C:\Users\Ahmed belhaj\Desktop\Flutter_intro_2\test\home_test.dart" time="1.807">
      <error message="2 errors, see stacktrace for details">Error #1: Failed to load "C:\Users\Ahmed belhaj\Desktop\Flutter_intro_2\test\home_test.dart": Compilation failed for testPath=C:\Users\Ahmed belhaj\Desktop\Flutter_intro_2\test\home_test.dart\n\n\nError #2: Exception: the Dart compiler exited unexpectedly.

Stacktrace:
package:flutter_tools/src/base/common.dart 10:3  throwToolExit
package:flutter_tools/src/compile.dart 784:9     DefaultResidentCompiler._compile.&lt;fn>
dart:async/zone.dart 1434:47                     _rootRunUnary
dart:async/zone.dart 1335:19                     _CustomZone.runUnary
</error>
    </testcase>
  </testsuite>
  <testsuite errors="0" failures="0" tests="15" skipped="0" name="C:.Users.Ahmed belhaj.Desktop.Flutter_intro_2.test.test_char" timestamp="2022-04-19T22:26:34">
    <properties>
      <property name="platform" value="vm"/>
    </properties>
    <testcase classname="C:.Users.Ahmed belhaj.Desktop.Flutter_intro_2.test.test_char" name="Test 1: Testing Class Attributes    1 / 5" time="0.042"/>
    <testcase classname="C:.Users.Ahmed belhaj.Desktop.Flutter_intro_2.test.test_char" name="Test 1: Testing Class Attributes    2 / 5" time="0.004"/>
    <testcase classname="C:.Users.Ahmed belhaj.Desktop.Flutter_intro_2.test.test_char" name="Test 1: Testing Class Attributes    3 / 5" time="0.002"/>
    <testcase classname="C:.Users.Ahmed belhaj.Desktop.Flutter_intro_2.test.test_char" name="Test 1: Testing Class Attributes    4 / 5" time="0.002"/>
    <testcase classname="C:.Users.Ahmed belhaj.Desktop.Flutter_intro_2.test.test_char" name="Test 1: Testing Class Attributes    5 / 5" time="0.003"/>
    <testcase classname="C:.Users.Ahmed belhaj.Desktop.Flutter_intro_2.test.test_char" name="Test 1: Testing toJson method  1 / 5" time="0.004"/>
    <testcase classname="C:.Users.Ahmed belhaj.Desktop.Flutter_intro_2.test.test_char" name="Test 1: Testing toJson method  2 / 5" time="0.004"/>
    <testcase classname="C:.Users.Ahmed belhaj.Desktop.Flutter_intro_2.test.test_char" name="Test 1: Testing toJson method  3 / 5" time="0.003"/>
    <testcase classname="C:.Users.Ahmed belhaj.Desktop.Flutter_intro_2.test.test_char" name="Test 1: Testing toJson method  4 / 5" time="0.003"/>
    <testcase classname="C:.Users.Ahmed belhaj.Desktop.Flutter_intro_2.test.test_char" name="Test 1: Testing toJson method  5 / 5" time="0.002"/>
    <testcase classname="C:.Users.Ahmed belhaj.Desktop.Flutter_intro_2.test.test_char" name="Test 1: Testing from json  1 / 5" time="0.003"/>
    <testcase classname="C:.Users.Ahmed belhaj.Desktop.Flutter_intro_2.test.test_char" name="Test 1: Testing from json  2 / 5" time="0.002"/>
    <testcase classname="C:.Users.Ahmed belhaj.Desktop.Flutter_intro_2.test.test_char" name="Test 1: Testing from json  3 / 5" time="0.002"/>
    <testcase classname="C:.Users.Ahmed belhaj.Desktop.Flutter_intro_2.test.test_char" name="Test 1: Testing from json  4 / 5" time="0.002"/>
    <testcase classname="C:.Users.Ahmed belhaj.Desktop.Flutter_intro_2.test.test_char" name="Test 1: Testing from json  5 / 5" time="0.003"/>
  </testsuite>
</testsuites>